#
# There is insufficient memory for the Java Runtime Environment to continue.
# Native memory allocation (malloc) failed to allocate 1048576 bytes for AllocateHeap
# Possible reasons:
#   The system is out of physical RAM or swap space
#   In 32 bit mode, the process size limit was hit
# Possible solutions:
#   Reduce memory load on the system
#   Increase physical memory or swap space
#   Check if swap backing store is full
#   Use 64 bit Java on a 64 bit OS
#   Decrease Java heap size (-Xmx/-Xms)
#   Decrease number of Java threads
#   Decrease Java thread stack sizes (-Xss)
#   Set larger code cache with -XX:ReservedCodeCacheSize=
# This output file may be truncated or incomplete.
#
#  Out of Memory Error (memory/allocation.inline.hpp:61), pid=1856, tid=0x0000000000000868
#
# JRE version:  (8.0_144-b01) (build )
# Java VM: Java HotSpot(TM) 64-Bit Server VM (25.144-b01 mixed mode windows-amd64 compressed oops)
# Failed to write core dump. Minidumps are not enabled by default on client versions of Windows
#

---------------  T H R E A D  ---------------

Current thread (0x00000000046a1000):  JavaThread "Unknown thread" [_thread_in_vm, id=2152, stack(0x0000000004530000,0x0000000004630000)]

Stack: [0x0000000004530000,0x0000000004630000]
[error occurred during error reporting (printing stack bounds), id 0xc0000005]

Native frames: (J=compiled Java code, j=interpreted, Vv=VM code, C=native code)


---------------  P R O C E S S  ---------------

Java Threads: ( => current thread )

Other Threads:

=>0x00000000046a1000 (exited) JavaThread "Unknown thread" [_thread_in_vm, id=2152, stack(0x0000000004530000,0x0000000004630000)]

VM state:not at safepoint (normal execution)

VM Mutex/Monitor currently owned by a thread: None

Heap:
 PSYoungGen      total 75776K, used 1300K [0x000000076b600000, 0x0000000770a80000, 0x00000007c0000000)
  eden space 65024K, 2% used [0x000000076b600000,0x000000076b7451f8,0x000000076f580000)
  from space 10752K, 0% used [0x0000000770000000,0x0000000770000000,0x0000000770a80000)
  to   space 10752K, 0% used [0x000000076f580000,0x000000076f580000,0x0000000770000000)
 ParOldGen       total 173568K, used 0K [0x00000006c2200000, 0x00000006ccb80000, 0x000000076b600000)
  object space 173568K, 0% used [0x00000006c2200000,0x00000006c2200000,0x00000006ccb80000)
 Metaspace       used 746K, capacity 4480K, committed 4480K, reserved 1056768K
  class space    used 75K, capacity 384K, committed 384K, reserved 1048576K

Card table byte_map: [0x0000000013b60000,0x0000000014350000] byte_map_base: 0x000000001054f000

Marking Bits: (ParMarkBitMap*) 0x0000000063edd850
 Begin Bits: [0x00000000150a0000, 0x0000000019018000)
 End Bits:   [0x0000000019018000, 0x000000001cf90000)

Polling page: 0x0000000002830000

CodeCache: size=245760Kb used=328Kb max_used=328Kb free=245431Kb
 bounds [0x00000000047a0000, 0x0000000004a10000, 0x00000000137a0000]
 total_blobs=58 nmethods=0 adapters=38
 compilation: enabled

Compilation events (0 events):
No events

GC Heap History (0 events):
No events

Deoptimization events (0 events):
No events

Internal exceptions (0 events):
No events

Events (10 events):
Event: 0.022 loading class java/lang/Short
Event: 0.022 loading class java/lang/Short done
Event: 0.022 loading class java/lang/Integer
Event: 0.022 loading class java/lang/Integer done
Event: 0.022 loading class java/lang/Long
Event: 0.022 loading class java/lang/Long done
Event: 0.023 loading class java/lang/NullPointerException
Event: 0.023 loading class java/lang/NullPointerException done
Event: 0.023 loading class java/lang/ArithmeticException
Event: 0.023 loading class java/lang/ArithmeticException done


Dynamic libraries:
0x00007ff79d4a0000 - 0x00007ff79d4d7000 	C:\Program Files\Java\jre1.8.0_144\bin\javaw.exe
0x00007ffba92d0000 - 0x00007ffba94b0000 	C:\WINDOWS\SYSTEM32\ntdll.dll
0x00007ffba6d40000 - 0x00007ffba6dee000 	C:\WINDOWS\System32\KERNEL32.DLL
0x00007ffba6290000 - 0x00007ffba64f6000 	C:\WINDOWS\System32\KERNELBASE.dll
0x00007ffba91f0000 - 0x00007ffba9291000 	C:\WINDOWS\System32\ADVAPI32.dll
0x00007ffba8750000 - 0x00007ffba87ed000 	C:\WINDOWS\System32\msvcrt.dll
0x00007ffba90e0000 - 0x00007ffba913b000 	C:\WINDOWS\System32\sechost.dll
0x00007ffba8fb0000 - 0x00007ffba90cf000 	C:\WINDOWS\System32\RPCRT4.dll
0x00007ffba6bb0000 - 0x00007ffba6d3f000 	C:\WINDOWS\System32\USER32.dll
0x00007ffba61f0000 - 0x00007ffba6210000 	C:\WINDOWS\System32\win32u.dll
0x00007ffba9140000 - 0x00007ffba9168000 	C:\WINDOWS\System32\GDI32.dll
0x00007ffba6600000 - 0x00007ffba6793000 	C:\WINDOWS\System32\gdi32full.dll
0x00007ffba6500000 - 0x00007ffba659b000 	C:\WINDOWS\System32\msvcp_win.dll
0x00007ffba5ed0000 - 0x00007ffba5fc6000 	C:\WINDOWS\System32\ucrtbase.dll
0x00007ffb97f40000 - 0x00007ffb981a9000 	C:\WINDOWS\WinSxS\amd64_microsoft.windows.common-controls_6595b64144ccf1df_6.0.16299.371_none_15c7d1789365a290\COMCTL32.dll
0x00007ffba87f0000 - 0x00007ffba8af8000 	C:\WINDOWS\System32\combase.dll
0x00007ffba6210000 - 0x00007ffba6282000 	C:\WINDOWS\System32\bcryptPrimitives.dll
0x00007ffba6aa0000 - 0x00007ffba6acd000 	C:\WINDOWS\System32\IMM32.DLL
0x0000000063f60000 - 0x0000000064032000 	C:\Program Files\Java\jre1.8.0_144\bin\msvcr100.dll
0x00000000636c0000 - 0x0000000063f5d000 	C:\Program Files\Java\jre1.8.0_144\bin\server\jvm.dll
0x00007ffba6a90000 - 0x00007ffba6a98000 	C:\WINDOWS\System32\PSAPI.DLL
0x00007ffba3610000 - 0x00007ffba3633000 	C:\WINDOWS\SYSTEM32\WINMM.dll
0x00007ffb9eae0000 - 0x00007ffb9eaea000 	C:\WINDOWS\SYSTEM32\VERSION.dll
0x00007ffb97920000 - 0x00007ffb97929000 	C:\WINDOWS\SYSTEM32\WSOCK32.dll
0x00007ffba8680000 - 0x00007ffba86ec000 	C:\WINDOWS\System32\WS2_32.dll
0x00007ffba35b0000 - 0x00007ffba35da000 	C:\WINDOWS\SYSTEM32\winmmbase.dll
0x00007ffba5fd0000 - 0x00007ffba601a000 	C:\WINDOWS\System32\cfgmgr32.dll
0x00000000636b0000 - 0x00000000636bf000 	C:\Program Files\Java\jre1.8.0_144\bin\verify.dll
0x0000000063680000 - 0x00000000636a9000 	C:\Program Files\Java\jre1.8.0_144\bin\java.dll
0x0000000063660000 - 0x0000000063676000 	C:\Program Files\Java\jre1.8.0_144\bin\zip.dll

VM Arguments:
jvm_args: -Dfile.encoding=Cp1250 
java_command: Main
java_class_path (initial): C:\Program Files\Java\jre1.8.0_144\lib\resources.jar;C:\Program Files\Java\jre1.8.0_144\lib\rt.jar;C:\Program Files\Java\jre1.8.0_144\lib\jsse.jar;C:\Program Files\Java\jre1.8.0_144\lib\jce.jar;C:\Program Files\Java\jre1.8.0_144\lib\charsets.jar;C:\Program Files\Java\jre1.8.0_144\lib\jfr.jar;C:\Program Files\Java\jre1.8.0_144\lib\ext\access-bridge-64.jar;C:\Program Files\Java\jre1.8.0_144\lib\ext\cldrdata.jar;C:\Program Files\Java\jre1.8.0_144\lib\ext\dnsns.jar;C:\Program Files\Java\jre1.8.0_144\lib\ext\jaccess.jar;C:\Program Files\Java\jre1.8.0_144\lib\ext\jfxrt.jar;C:\Program Files\Java\jre1.8.0_144\lib\ext\localedata.jar;C:\Program Files\Java\jre1.8.0_144\lib\ext\nashorn.jar;C:\Program Files\Java\jre1.8.0_144\lib\ext\sunec.jar;C:\Program Files\Java\jre1.8.0_144\lib\ext\sunjce_provider.jar;C:\Program Files\Java\jre1.8.0_144\lib\ext\sunmscapi.jar;C:\Program Files\Java\jre1.8.0_144\lib\ext\sunpkcs11.jar;C:\Program Files\Java\jre1.8.0_144\lib\ext\zipfs.jar;F:\Eclipse\AKod\bin
Launcher Type: SUN_STANDARD

Environment Variables:
PATH=C:\Program Files (x86)\Razer Chroma SDK\bin;C:\Program Files\Razer Chroma SDK\bin;C:\ProgramData\Oracle\Java\javapath;C:\Program Files (x86)\NVIDIA Corporation\PhysX\Common;C:\WINDOWS\system32;C:\WINDOWS;C:\WINDOWS\System32\Wbem;C:\WINDOWS\System32\WindowsPowerShell\v1.0\;D:\Program Files (x86)\Brackets\command;C:\Program Files\Microsoft SQL Server\130\Tools\Binn\;C:\Program Files\dotnet\;C:\Program Files (x86)\GtkSharp\2.12\bin;C:\Program Files\PuTTY\;C:\xampp\php;C:\ProgramData\ComposerSetup\bin;C:\WINDOWS\system32\config\systemprofile\AppData\Local\Microsoft\WindowsApps;C:\Program Files\Git\cmd;C:\Users\Rokaszem\AppData\Local\Microsoft\WindowsApps;C:\Users\Rokaszem\AppData\Roaming\Composer\vendor\bin
USERNAME=Rokaszem
OS=Windows_NT
PROCESSOR_IDENTIFIER=Intel64 Family 6 Model 60 Stepping 3, GenuineIntel



---------------  S Y S T E M  ---------------

OS: Windows 10.0 , 64 bit Build 16299 (10.0.16299.15)

CPU:total 8 (initial active 8) (4 cores per cpu, 2 threads per core) family 6 model 60 stepping 3, cmov, cx8, fxsr, mmx, sse, sse2, sse3, ssse3, sse4.1, sse4.2, popcnt, avx, avx2, aes, clmul, erms, lzcnt, ht, tsc, tscinvbit, bmi1, bmi2

Memory: 4k page, physical 16634800k(8769516k free), swap 31157036k(5928k free)

vm_info: Java HotSpot(TM) 64-Bit Server VM (25.144-b01) for windows-amd64 JRE (1.8.0_144-b01), built on Jul 21 2017 21:57:33 by "java_re" with MS VC++ 10.0 (VS2010)

time: Wed Apr 18 16:12:34 2018
elapsed time: 0 seconds (0d 0h 0m 0s)

